
Currently Loaded Modules:
  1) TACC          3) Linux      5) cluster-paths       7) mvapich2/1.9a2
  2) TACC-paths    4) cluster    6) intel/13.0.2.146
TACC: Starting up job 679491
TACC: Setting up parallel environment for MVAPICH2+mpispawn.
TACC: Starting parallel tasks...
data = [
256 16 16 1000 2.154620e-01 9.282381e+00 3.625930e-02
256 16 16 2000 1.693392e-01 9.448493e+01 3.690817e-01
256 16 16 3000 2.146809e-01 2.515361e+02 9.825629e-01
256 16 16 4000 3.565550e-01 3.589909e+02 1.402308e+00
256 16 16 5000 4.797778e-01 5.210745e+02 2.035447e+00
256 16 16 6000 6.897321e-01 6.263302e+02 2.446602e+00
256 16 16 7000 9.276140e-01 7.395318e+02 2.888796e+00
256 16 16 8000 1.498908e+00 6.831641e+02 2.668610e+00
256 16 16 9000 3.554741e+00 4.101565e+02 1.602174e+00
256 16 16 10000 6.271854e+00 3.188850e+02 1.245644e+00
256 16 16 11000 9.109294e+00 2.922290e+02 1.141520e+00
256 16 16 12000 1.278403e+01 2.703374e+02 1.056005e+00
256 16 16 13000 1.646012e+01 2.669483e+02 1.042767e+00
256 16 16 14000 2.022160e+01 2.713930e+02 1.060129e+00
256 16 16 15000 2.444944e+01 2.760799e+02 1.078437e+00
256 16 16 16000 2.983298e+01 2.745954e+02 1.072638e+00
]; 
TACC: Shutdown complete. Exiting.
