
Currently Loaded Modules:
  1) TACC          3) Linux      5) cluster-paths       7) mvapich2/1.9a2
  2) TACC-paths    4) cluster    6) intel/13.0.2.146
TACC: Starting up job 679511
TACC: Setting up parallel environment for MVAPICH2+mpispawn.
TACC: Starting parallel tasks...
data = [
256 16 16 1000 2.047679e-01 9.767154e+00 3.815294e-02
256 16 16 2000 1.661010e-01 9.632695e+01 3.762771e-01
256 16 16 3000 2.150199e-01 2.511395e+02 9.810137e-01
256 16 16 4000 3.397040e-01 3.767986e+02 1.471869e+00
256 16 16 5000 4.750252e-01 5.262879e+02 2.055812e+00
256 16 16 6000 7.830520e-01 5.516875e+02 2.155029e+00
256 16 16 7000 1.383349e+00 4.958980e+02 1.937102e+00
256 16 16 8000 1.401442e+00 7.306759e+02 2.854203e+00
256 16 16 9000 3.148353e+00 4.630993e+02 1.808981e+00
256 16 16 10000 6.124142e+00 3.265764e+02 1.275689e+00
256 16 16 11000 9.247835e+00 2.878512e+02 1.124419e+00
256 16 16 12000 1.296088e+01 2.666487e+02 1.041596e+00
256 16 16 13000 1.617679e+01 2.716237e+02 1.061030e+00
256 16 16 14000 2.065669e+01 2.656766e+02 1.037799e+00
256 16 16 15000 2.635127e+01 2.561546e+02 1.000604e+00
256 16 16 16000 3.058707e+01 2.678256e+02 1.046194e+00
]; 
TACC: Shutdown complete. Exiting.
