
Currently Loaded Modules:
  1) TACC          3) Linux      5) cluster-paths       7) mvapich2/1.9a2
  2) TACC-paths    4) cluster    6) intel/13.0.2.146
TACC: Starting up job 679538
TACC: Setting up parallel environment for MVAPICH2+mpispawn.
TACC: Starting parallel tasks...
data = [
16 4 4 1000 1.452110e-01 1.377306e+01 8.608164e-01
16 4 4 2000 1.942830e-01 8.235409e+01 5.147131e+00
16 4 4 3000 2.815457e+00 1.917983e+01 1.198740e+00
16 4 4 4000 7.182469e+00 1.782117e+01 1.113823e+00
16 4 4 5000 1.357071e+01 1.842203e+01 1.151377e+00
16 4 4 6000 2.291684e+01 1.885077e+01 1.178173e+00
16 4 4 7000 3.633303e+01 1.888089e+01 1.180056e+00
16 4 4 8000 5.368882e+01 1.907287e+01 1.192055e+00
16 4 4 9000 7.562964e+01 1.927816e+01 1.204885e+00
16 4 4 10000 1.035459e+02 1.931511e+01 1.207195e+00
16 4 4 11000 1.381081e+02 1.927476e+01 1.204673e+00
16 4 4 12000 1.796865e+02 1.923349e+01 1.202093e+00
16 4 4 13000 2.285009e+02 1.922969e+01 1.201855e+00
16 4 4 14000 2.515543e+02 1.924389e+01 1.202743e+00
16 4 4 15000 2.759483e+02 1.923201e+01 1.202000e+00
16 4 4 16000 2.938208e+02 1.922794e+01 1.201746e+00
]; 
TACC: Shutdown complete. Exiting.
