
Currently Loaded Modules:
  1) TACC          3) Linux      5) cluster-paths       7) mvapich2/1.9a2
  2) TACC-paths    4) cluster    6) intel/13.0.2.146
TACC: Starting up job 679514
TACC: Setting up parallel environment for MVAPICH2+mpispawn.
TACC: Starting parallel tasks...
data = [
64 8 8 1000 1.641202e-01 1.218619e+01 1.904092e-01
64 8 8 2000 1.024270e-01 1.562088e+02 2.440763e+00
64 8 8 3000 2.407260e-01 2.243214e+02 3.505022e+00
64 8 8 4000 5.354900e-01 2.390334e+02 3.734897e+00
64 8 8 5000 2.834800e+00 8.818964e+01 1.377963e+00
64 8 8 6000 5.982061e+00 7.221591e+01 1.128374e+00
64 8 8 7000 9.753910e+00 7.033077e+01 1.098918e+00
64 8 8 8000 1.440500e+01 7.108641e+01 1.110725e+00
64 8 8 9000 2.034150e+01 7.167612e+01 1.119939e+00
64 8 8 10000 2.785509e+01 7.180015e+01 1.121877e+00
64 8 8 11000 3.663839e+01 7.265603e+01 1.135250e+00
64 8 8 12000 4.680450e+01 7.383905e+01 1.153735e+00
64 8 8 13000 5.926476e+01 7.414187e+01 1.158467e+00
64 8 8 14000 7.313831e+01 7.503591e+01 1.172436e+00
64 8 8 15000 8.958405e+01 7.534824e+01 1.177316e+00
64 8 8 16000 1.090673e+02 7.510960e+01 1.173588e+00
]; 
TACC: Shutdown complete. Exiting.
