
Currently Loaded Modules:
  1) TACC          3) Linux      5) cluster-paths       7) mvapich2/1.9a2
  2) TACC-paths    4) cluster    6) intel/13.0.2.146
TACC: Starting up job 679530
TACC: Setting up parallel environment for MVAPICH2+mpispawn.
TACC: Starting parallel tasks...
data = [
32 8 4 1000 1.474690e-01 1.356217e+01 4.238178e-01
32 8 4 2000 1.157720e-01 1.382027e+02 4.318833e+00
32 8 4 3000 5.786080e-01 9.332743e+01 2.916482e+00
32 8 4 4000 3.251636e+00 3.936480e+01 1.230150e+00
32 8 4 5000 6.860014e+00 3.644307e+01 1.138846e+00
32 8 4 6000 1.190782e+01 3.627869e+01 1.133709e+00
32 8 4 7000 1.860685e+01 3.686815e+01 1.152130e+00
32 8 4 8000 2.761074e+01 3.708702e+01 1.158969e+00
32 8 4 9000 3.946480e+01 3.694432e+01 1.154510e+00
32 8 4 10000 5.346929e+01 3.740465e+01 1.168895e+00
32 8 4 11000 7.061795e+01 3.769580e+01 1.177994e+00
32 8 4 12000 9.123629e+01 3.787966e+01 1.183739e+00
32 8 4 13000 1.166317e+02 3.767414e+01 1.177317e+00
32 8 4 14000 1.445623e+02 3.796288e+01 1.186340e+00
32 8 4 15000 1.774574e+02 3.803729e+01 1.188665e+00
32 8 4 16000 1.896235e+02 3.812529e+01 1.191415e+00
]; 
TACC: Shutdown complete. Exiting.
