
Currently Loaded Modules:
  1) TACC          3) Linux      5) cluster-paths       7) mvapich2/1.9a2
  2) TACC-paths    4) cluster    6) intel/13.0.2.146
TACC: Starting up job 679523
TACC: Setting up parallel environment for MVAPICH2+mpispawn.
TACC: Starting parallel tasks...
data = [
128 16 8 1000 1.926250e-01 1.038287e+01 8.111614e-02
128 16 8 2000 1.013980e-01 1.577941e+02 1.232766e+00
128 16 8 3000 1.997819e-01 2.702948e+02 2.111678e+00
128 16 8 4000 3.440950e-01 3.719903e+02 2.906174e+00
128 16 8 5000 5.669210e-01 4.409786e+02 3.445145e+00
128 16 8 6000 1.401186e+00 3.083102e+02 2.408674e+00
128 16 8 7000 3.932796e+00 1.744306e+02 1.362739e+00
128 16 8 8000 6.910433e+00 1.481817e+02 1.157670e+00
128 16 8 9000 1.059921e+01 1.375574e+02 1.074667e+00
128 16 8 10000 1.442232e+01 1.386740e+02 1.083391e+00
128 16 8 11000 1.949018e+01 1.365816e+02 1.067044e+00
128 16 8 12000 2.447778e+01 1.411893e+02 1.103041e+00
128 16 8 13000 3.088092e+01 1.422885e+02 1.111629e+00
128 16 8 14000 3.862884e+01 1.420700e+02 1.109922e+00
128 16 8 15000 4.716028e+01 1.431289e+02 1.118195e+00
128 16 8 16000 5.689983e+01 1.439723e+02 1.124784e+00
]; 
TACC: Shutdown complete. Exiting.
